<?xml version="1.0" encoding="UTF-8"?>
<testng-results ignored="0" total="1" passed="1" failed="0" skipped="0">
  <reporter-output>
    <line>
      <![CDATA[Search Button is clicked]]>
    </line>
    <line>
      <![CDATA[Selection of filters is completed]]>
    </line>
    <line>
      <![CDATA[Bus is available]]>
    </line>
    <line>
      <![CDATA[Seat is selected]]>
    </line>
    <line>
      <![CDATA[Entered into Traveller Page]]>
    </line>
    <line>
      <![CDATA[Navigated to home page]]>
    </line>
  </reporter-output>
  <suite started-at="2021-09-23T19:12:24 IST" name="Suite" finished-at="2021-09-23T19:17:14 IST" duration-ms="290307">
    <groups>
    </groups>
    <test started-at="2021-09-23T19:12:24 IST" name="Makemytrip Testing" finished-at="2021-09-23T19:17:14 IST" duration-ms="290307">
      <class name="com.qa.testscripts.TC_SearchBuses_001">
        <test-method is-config="true" signature="setUp(java.lang.String, java.lang.String)[pri:0, instance:com.qa.testscripts.TC_SearchBuses_001@7d3a22a9]" started-at="2021-09-23T19:12:25 IST" name="setUp" finished-at="2021-09-23T19:13:52 IST" duration-ms="87404" status="PASS">
          <params>
            <param index="0">
              <value>
                <![CDATA[chrome]]>
              </value>
            </param>
            <param index="1">
              <value>
                <![CDATA[https://www.makemytrip.com/]]>
              </value>
            </param>
          </params>
          <reporter-output>
          </reporter-output>
        </test-method> <!-- setUp -->
        <test-method signature="searchBus(java.lang.String, java.lang.String, java.lang.String, java.lang.String, java.lang.String, java.lang.String, java.lang.String, java.lang.String, java.lang.String, java.lang.String)[pri:0, instance:com.qa.testscripts.TC_SearchBuses_001@7d3a22a9]" started-at="2021-09-23T19:14:19 IST" name="searchBus" data-provider="excelData" finished-at="2021-09-23T19:17:13 IST" duration-ms="173826" status="PASS">
          <params>
            <param index="0">
              <value>
                <![CDATA[pavisuba1812@gmail.com]]>
              </value>
            </param>
            <param index="1">
              <value>
                <![CDATA[Murugan18@]]>
              </value>
            </param>
            <param index="2">
              <value>
                <![CDATA[Bangalore]]>
              </value>
            </param>
            <param index="3">
              <value>
                <![CDATA[Bengaluru (Bangalore), Karnataka]]>
              </value>
            </param>
            <param index="4">
              <value>
                <![CDATA[Chennai]]>
              </value>
            </param>
            <param index="5">
              <value>
                <![CDATA[Chennai, Tamil Nadu]]>
              </value>
            </param>
            <param index="6">
              <value>
                <![CDATA[Pavithra]]>
              </value>
            </param>
            <param index="7">
              <value>
                <![CDATA[22]]>
              </value>
            </param>
            <param index="8">
              <value>
                <![CDATA[9123456789]]>
              </value>
            </param>
            <param index="9">
              <value>
                <![CDATA[Fri Nov 12 2021]]>
              </value>
            </param>
          </params>
          <reporter-output>
            <line>
              <![CDATA[Search Button is clicked]]>
            </line>
            <line>
              <![CDATA[Selection of filters is completed]]>
            </line>
            <line>
              <![CDATA[Bus is available]]>
            </line>
            <line>
              <![CDATA[Seat is selected]]>
            </line>
            <line>
              <![CDATA[Entered into Traveller Page]]>
            </line>
            <line>
              <![CDATA[Navigated to home page]]>
            </line>
          </reporter-output>
        </test-method> <!-- searchBus -->
        <test-method is-config="true" signature="teardown()[pri:0, instance:com.qa.testscripts.TC_SearchBuses_001@7d3a22a9]" started-at="2021-09-23T19:17:13 IST" name="teardown" finished-at="2021-09-23T19:17:14 IST" duration-ms="1706" status="PASS">
          <reporter-output>
          </reporter-output>
        </test-method> <!-- teardown -->
      </class> <!-- com.qa.testscripts.TC_SearchBuses_001 -->
    </test> <!-- Makemytrip Testing -->
  </suite> <!-- Suite -->
</testng-results>
