<?xml version="1.0" encoding="UTF-8"?>
<testng-results ignored="0" total="1" passed="1" failed="0" skipped="0">
  <reporter-output>
  </reporter-output>
  <suite started-at="2021-09-24T13:14:00 IST" name="Suite" finished-at="2021-09-24T13:18:17 IST" duration-ms="257063">
    <groups>
    </groups>
    <test started-at="2021-09-24T13:14:00 IST" name="Makemytrip Testing" finished-at="2021-09-24T13:18:17 IST" duration-ms="257063">
      <class name="com.qa.testscripts.TC_BookVillasAndApt_01">
        <test-method is-config="true" signature="setUp(java.lang.String,java.lang.String)[pri:0, instance:com.qa.testscripts.TC_BookVillasAndApt_01@6d763516]" started-at="2021-09-24T13:14:01 IST" name="setUp" finished-at="2021-09-24T13:15:35 IST" duration-ms="93718" status="PASS">
          <params>
            <param index="0">
              <value>
                <![CDATA[chrome]]>
              </value>
            </param>
            <param index="1">
              <value>
                <![CDATA[https://www.makemytrip.com/]]>
              </value>
            </param>
          </params>
          <reporter-output>
          </reporter-output>
        </test-method> <!-- setUp -->
        <test-method signature="bookVillasAndApartment(java.lang.String,java.lang.String,java.lang.String,java.lang.String,java.lang.String,java.lang.String,java.lang.String,java.lang.String,java.lang.String,java.lang.String,java.lang.String,java.lang.String,java.lang.String)[pri:0, instance:com.qa.testscripts.TC_BookVillasAndApt_01@6d763516]" started-at="2021-09-24T13:15:55 IST" name="bookVillasAndApartment" data-provider="excelData" finished-at="2021-09-24T13:18:09 IST" duration-ms="133481" status="PASS">
          <params>
            <param index="0">
              <value>
                <![CDATA[Mumbai]]>
              </value>
            </param>
            <param index="1">
              <value>
                <![CDATA[Mumbai, Maharashtra]]>
              </value>
            </param>
            <param index="2">
              <value>
                <![CDATA[Fri Oct 29 2021]]>
              </value>
            </param>
            <param index="3">
              <value>
                <![CDATA[Sat Oct 30 2021]]>
              </value>
            </param>
            <param index="4">
              <value>
                <![CDATA[2]]>
              </value>
            </param>
            <param index="5">
              <value>
                <![CDATA[0]]>
              </value>
            </param>
            <param index="6">
              <value>
                <![CDATA[Myself]]>
              </value>
            </param>
            <param index="7">
              <value>
                <![CDATA[Ms]]>
              </value>
            </param>
            <param index="8">
              <value>
                <![CDATA[Shruthi ]]>
              </value>
            </param>
            <param index="9">
              <value>
                <![CDATA[Shree J S]]>
              </value>
            </param>
            <param index="10">
              <value>
                <![CDATA[shruthishreejs1426@gmail.com]]>
              </value>
            </param>
            <param index="11">
              <value>
                <![CDATA[India (+91)]]>
              </value>
            </param>
            <param index="12">
              <value>
                <![CDATA[7305212296]]>
              </value>
            </param>
          </params>
          <reporter-output>
          </reporter-output>
        </test-method> <!-- bookVillasAndApartment -->
        <test-method is-config="true" signature="teardown()[pri:0, instance:com.qa.testscripts.TC_BookVillasAndApt_01@6d763516]" started-at="2021-09-24T13:18:11 IST" name="teardown" finished-at="2021-09-24T13:18:17 IST" duration-ms="6857" status="PASS">
          <reporter-output>
          </reporter-output>
        </test-method> <!-- teardown -->
      </class> <!-- com.qa.testscripts.TC_BookVillasAndApt_01 -->
    </test> <!-- Makemytrip Testing -->
  </suite> <!-- Suite -->
</testng-results>
